生成启动时间为 2017/8/4 22:43:04。
     1>项目“D:\编程\VS2017代码\ESquare\ESquare\ESquare.vcxproj”在节点 2 上(Rebuild 个目标)。
     1>ClCompile:
         D:\VS2013\VC\bin\CL.exe /c /ZI /nologo /W3 /WX- /sdl /Od /Oy- /D _CRT_SECURE_NO_WARNINGS /D WIN32 /D _DEBUG /D _WINDOWS /D _MBCS /Gm /EHsc /RTC1 /MDd /GS /fp:precise /Zc:wchar_t /Zc:forScope /Fo"Debug\\" /Fd"Debug\vc120.pdb" /Gd /TC /analyze- /errorReport:prompt elshead.c
         elshead.c
     1>d:\编程\vs2017代码\esquare\esquare\elshead.c(61): warning C4047: “函数”:“HDC”与“int”的间接级别不同
     1>d:\编程\vs2017代码\esquare\esquare\elshead.c(61): warning C4024: “SelectObject”: 形参和实参 1 的类型不同
     1>d:\编程\vs2017代码\esquare\esquare\elshead.c(62): warning C4047: “函数”:“HDC”与“int”的间接级别不同
     1>d:\编程\vs2017代码\esquare\esquare\elshead.c(62): warning C4024: “Rectangle”: 形参和实参 1 的类型不同
     1>d:\编程\vs2017代码\esquare\esquare\elshead.c(63): warning C4047: “函数”:“HDC”与“int”的间接级别不同
     1>d:\编程\vs2017代码\esquare\esquare\elshead.c(63): warning C4024: “SelectObject”: 形参和实参 1 的类型不同
     1>d:\编程\vs2017代码\esquare\esquare\elshead.c(66): warning C4047: “函数”:“HDC”与“int”的间接级别不同
     1>d:\编程\vs2017代码\esquare\esquare\elshead.c(66): warning C4024: “SelectObject”: 形参和实参 1 的类型不同
     1>d:\编程\vs2017代码\esquare\esquare\elshead.c(73): warning C4047: “函数”:“HDC”与“int”的间接级别不同
     1>d:\编程\vs2017代码\esquare\esquare\elshead.c(73): warning C4024: “Rectangle”: 形参和实参 1 的类型不同
     1>d:\编程\vs2017代码\esquare\esquare\elshead.c(77): warning C4047: “函数”:“HDC”与“int”的间接级别不同
     1>d:\编程\vs2017代码\esquare\esquare\elshead.c(77): warning C4024: “SelectObject”: 形参和实参 1 的类型不同
     1>d:\编程\vs2017代码\esquare\esquare\elshead.c(87): warning C4047: “函数”:“HDC”与“int”的间接级别不同
     1>d:\编程\vs2017代码\esquare\esquare\elshead.c(87): warning C4024: “SelectObject”: 形参和实参 1 的类型不同
     1>d:\编程\vs2017代码\esquare\esquare\elshead.c(94): warning C4047: “函数”:“HDC”与“int”的间接级别不同
     1>d:\编程\vs2017代码\esquare\esquare\elshead.c(94): warning C4024: “Rectangle”: 形参和实参 1 的类型不同
     1>d:\编程\vs2017代码\esquare\esquare\elshead.c(98): warning C4047: “函数”:“HDC”与“int”的间接级别不同
     1>d:\编程\vs2017代码\esquare\esquare\elshead.c(98): warning C4024: “SelectObject”: 形参和实参 1 的类型不同
         D:\VS2013\VC\bin\CL.exe /c /ZI /nologo /W3 /WX- /sdl /Od /Oy- /D WIN32 /D _DEBUG /D _WINDOWS /D _MBCS /Gm /EHsc /RTC1 /MDd /GS /fp:precise /Zc:wchar_t /Zc:forScope /Fo"Debug\\" /Fd"Debug\vc120.pdb" /Gd /TC /analyze- /errorReport:prompt main.c
         main.c
       ResourceCompile:
         C:\Program Files (x86)\Windows Kits\8.1\bin\x86\rc.exe /l"0x0409" /nologo /fo"Debug\ESquare.res" ESquare.rc 
       Link:
         D:\VS2013\VC\bin\link.exe /ERRORREPORT:PROMPT /OUT:"D:\编程\VS2017代码\ESquare\Debug\ESquare.exe" /INCREMENTAL /NOLOGO kernel32.lib user32.lib gdi32.lib winspool.lib comdlg32.lib advapi32.lib shell32.lib ole32.lib oleaut32.lib uuid.lib odbc32.lib odbccp32.lib /MANIFEST /MANIFESTUAC:"level='asInvoker' uiAccess='false'" /manifest:embed /DEBUG /PDB:"D:\编程\VS2017代码\ESquare\Debug\ESquare.pdb" /SUBSYSTEM:WINDOWS /TLBID:1 /DYNAMICBASE /NXCOMPAT /IMPLIB:"D:\编程\VS2017代码\ESquare\Debug\ESquare.lib" /MACHINE:X86 Debug\ESquare.res
         Debug\elshead.obj
         Debug\main.obj
         ESquare.vcxproj -> D:\编程\VS2017代码\ESquare\Debug\ESquare.exe
     1>已完成生成项目“D:\编程\VS2017代码\ESquare\ESquare\ESquare.vcxproj”(Rebuild 个目标)的操作。

生成成功。

已用时间 00:00:09.13
